<?xml version="1.0" encoding="UTF-8"?>
<testng-results skipped="0" failed="0" ignored="0" total="3" passed="3">
  <reporter-output>
    <line>
      <![CDATA[<br><img src='C:\Users\Jose\git\SeleniumPractice\MySel20Proj\Screenshots\Google.png' height='400' width='400'/><br>]]>
    </line>
    <line>
      <![CDATA[<br><img src='C:\Users\Jose\git\SeleniumPractice\MySel20Proj\Screenshots\automation - Google Search.png' height='400' width='400'/><br>]]>
    </line>
    <line>
      <![CDATA[<br><img src='C:\Users\Jose\git\SeleniumPractice\MySel20Proj\Screenshots\Automation.com - News & Resources for Manufacturing, Factory & Industrial Automation; Process Control; Motion Control & Instrumentation.png' height='400' width='400'/><br>]]>
    </line>
  </reporter-output>
  <suite name="Default suite" duration-ms="11187" started-at="2018-05-18T04:21:24Z" finished-at="2018-05-18T04:21:35Z">
    <groups>
    </groups>
    <test name="Default test" duration-ms="11187" started-at="2018-05-18T04:21:24Z" finished-at="2018-05-18T04:21:35Z">
      <class name="testng.FirstTestNG">
        <test-method status="PASS" signature="launchBrowser()[pri:0, instance:testng.FirstTestNG@77f99a05]" name="launchBrowser" duration-ms="3684" started-at="2018-05-18T04:21:24Z" finished-at="2018-05-18T04:21:27Z">
          <reporter-output>
            <line>
              <![CDATA[<br><img src='C:\Users\Jose\git\SeleniumPractice\MySel20Proj\Screenshots\Google.png' height='400' width='400'/><br>]]>
            </line>
          </reporter-output>
        </test-method> <!-- launchBrowser -->
        <test-method status="PASS" signature="searchAutomation()[pri:1, instance:testng.FirstTestNG@77f99a05]" name="searchAutomation" duration-ms="1355" started-at="2018-05-18T04:21:27Z" finished-at="2018-05-18T04:21:29Z">
          <reporter-output>
            <line>
              <![CDATA[<br><img src='C:\Users\Jose\git\SeleniumPractice\MySel20Proj\Screenshots\automation - Google Search.png' height='400' width='400'/><br>]]>
            </line>
          </reporter-output>
        </test-method> <!-- searchAutomation -->
        <test-method status="PASS" signature="visitSecondResultAfterSearch()[pri:2, instance:testng.FirstTestNG@77f99a05]" name="visitSecondResultAfterSearch" duration-ms="3824" started-at="2018-05-18T04:21:29Z" finished-at="2018-05-18T04:21:33Z">
          <reporter-output>
            <line>
              <![CDATA[<br><img src='C:\Users\Jose\git\SeleniumPractice\MySel20Proj\Screenshots\Automation.com - News & Resources for Manufacturing, Factory & Industrial Automation; Process Control; Motion Control & Instrumentation.png' height='400' width='400'/><br>]]>
            </line>
          </reporter-output>
        </test-method> <!-- visitSecondResultAfterSearch -->
        <test-method status="PASS" signature="terminateBrowser()[pri:0, instance:testng.FirstTestNG@77f99a05]" name="terminateBrowser" is-config="true" duration-ms="2306" started-at="2018-05-18T04:21:33Z" finished-at="2018-05-18T04:21:35Z">
          <reporter-output>
          </reporter-output>
        </test-method> <!-- terminateBrowser -->
      </class> <!-- testng.FirstTestNG -->
    </test> <!-- Default test -->
  </suite> <!-- Default suite -->
</testng-results>
