<?xml version="1.0" encoding="UTF-8"?>
<!-- Generated by org.testng.reporters.JUnitXMLReporter -->
<testsuite hostname="SexyGoddess" ignored="0" name="Default test" tests="3" failures="0" timestamp="18 May 2018 04:21:35 GMT" time="11.187" errors="0">
  <testcase name="launchBrowser" time="3.684" classname="testng.FirstTestNG"/>
  <testcase name="searchAutomation" time="1.355" classname="testng.FirstTestNG"/>
  <testcase name="visitSecondResultAfterSearch" time="3.824" classname="testng.FirstTestNG"/>
</testsuite> <!-- Default test -->
