<?xml version="1.0" encoding="UTF-8"?>
<!-- Generated by org.testng.reporters.JUnitXMLReporter -->
<testsuite hostname="SexyGoddess" ignored="0" name="Default test" tests="3" failures="0" timestamp="18 May 2018 03:47:39 GMT" time="11.455" errors="0">
  <testcase name="launchBrowser" time="3.636" classname="testng.FirstTestNG"/>
  <testcase name="searchAutomation" time="1.278" classname="testng.FirstTestNG"/>
  <testcase name="visitSecondResultAfterSearch" time="4.21" classname="testng.FirstTestNG"/>
</testsuite> <!-- Default test -->
